1703597973255	geckodriver	INFO	Listening on 127.0.0.1:50119
/usr/local/bin/geckodriver: error: Address in use (os error 98)
geckodriver 0.33.0 (a80e5fd61076 2023-04-02 18:31 +0000) 
WebDriver implementation for Firefox

USAGE:
    geckodriver [OPTIONS]

OPTIONS:
        --allow-hosts <ALLOW_HOSTS>...
            List of hostnames to allow. By default the value of --host is allowed, and in addition
            if that's a well known local address, other variations on well known local addresses are
            allowed. If --allow-hosts is provided only exactly those hosts are allowed.

        --allow-origins <ALLOW_ORIGINS>...
            List of request origins to allow. These must be formatted as scheme://host:port. By
            default any request with an origin header is rejected. If --allow-origins is provided
            then only exactly those origins are allowed.

        --android-storage <ANDROID_STORAGE>
            Selects storage location to be used for test data (deprecated). [possible values: auto,
            app, internal, sdcard]

    -b, --binary <BINARY>
            Path to the Firefox binary

        --connect-existing
            Connect to an existing Firefox instance

    -h, --help
            Prints this message

        --host <HOST>
            Host IP to use for WebDriver server [default: 127.0.0.1]

        --jsdebugger
            Attach browser toolbox debugger for Firefox

        --log <LEVEL>
            Set Gecko log level [possible values: fatal, error, warn, info, config, debug, trace]

        --log-no-truncate
            Disable truncation of long log lines

        --marionette-host <HOST>
            Host to use to connect to Gecko [default: 127.0.0.1]

        --marionette-port <PORT>
            Port to use to connect to Gecko [default: system-allocated port]

    -p, --port <PORT>
            Port to use for WebDriver server [default: 4444]

        --profile-root <PROFILE_ROOT>
            Directory in which to create profiles. Defaults to the system temporary directory.

    -v
            Log level verbosity (-v for debug and -vv for trace level)

    -V, --version
            Prints version and copying information

        --websocket-port <PORT>
            Port to use to connect to WebDriver BiDi [default: 9222]

1703597973282	mozrunner::runner	INFO	Running command: MOZ_CRASHREPORTER="1" MOZ_CRASHREPORTER_NO_REPORT="1" MOZ_CRASHREPORTER_SHUTDOWN="1" MOZ_NO_REMOTE="1" "/usr ... te" "--remote-debugging-port" "58569" "--remote-allow-hosts" "localhost" "-no-remote" "-profile" "/tmp/rust_mozprofilekQU8wI"
console.warn: services.settings: Ignoring preference override of remote settings server
console.warn: services.settings: Allow by setting MOZ_REMOTE_SETTINGS_DEVTOOLS=1 in the environment
ATTENTION: default value of option mesa_glthread overridden by environment.
ATTENTION: default value of option mesa_glthread overridden by environment.
ATTENTION: default value of option mesa_glthread overridden by environment.
1703597974654	Marionette	INFO	Marionette enabled
1703597974752	Marionette	INFO	Listening on port 34533
WebDriver BiDi listening on ws://127.0.0.1:58569
Read port: 34533
1703597975100	RemoteAgent	WARN	TLS certificate errors will be ignored for this session
console.error: ({})
DevTools listening on ws://127.0.0.1:58569/devtools/browser/299a29fa-2ab9-4397-924c-8d99ecdd630d
console.error: (new TypeError("linkMap is undefined", "resource://gre/modules/NewTabUtils.sys.mjs", 2003))
console.warn: LoginRecipes: "Falling back to a synchronous message for: https://ahmia.fi."
1703597987813	Marionette	INFO	Stopped listening on port 34533
1703597989692	geckodriver::marionette	ERROR	Failed to close browser connection: Socket not connected (os error 107)
1703598277444	geckodriver	INFO	Listening on 127.0.0.1:60843
/usr/local/bin/geckodriver: error: Address in use (os error 98)
geckodriver 0.33.0 (a80e5fd61076 2023-04-02 18:31 +0000) 
WebDriver implementation for Firefox

USAGE:
    geckodriver [OPTIONS]

OPTIONS:
        --allow-hosts <ALLOW_HOSTS>...
            List of hostnames to allow. By default the value of --host is allowed, and in addition
            if that's a well known local address, other variations on well known local addresses are
            allowed. If --allow-hosts is provided only exactly those hosts are allowed.

        --allow-origins <ALLOW_ORIGINS>...
            List of request origins to allow. These must be formatted as scheme://host:port. By
            default any request with an origin header is rejected. If --allow-origins is provided
            then only exactly those origins are allowed.

        --android-storage <ANDROID_STORAGE>
            Selects storage location to be used for test data (deprecated). [possible values: auto,
            app, internal, sdcard]

    -b, --binary <BINARY>
            Path to the Firefox binary

        --connect-existing
            Connect to an existing Firefox instance

    -h, --help
            Prints this message

        --host <HOST>
            Host IP to use for WebDriver server [default: 127.0.0.1]

        --jsdebugger
            Attach browser toolbox debugger for Firefox

        --log <LEVEL>
            Set Gecko log level [possible values: fatal, error, warn, info, config, debug, trace]

        --log-no-truncate
            Disable truncation of long log lines

        --marionette-host <HOST>
            Host to use to connect to Gecko [default: 127.0.0.1]

        --marionette-port <PORT>
            Port to use to connect to Gecko [default: system-allocated port]

    -p, --port <PORT>
            Port to use for WebDriver server [default: 4444]

        --profile-root <PROFILE_ROOT>
            Directory in which to create profiles. Defaults to the system temporary directory.

    -v
            Log level verbosity (-v for debug and -vv for trace level)

    -V, --version
            Prints version and copying information

        --websocket-port <PORT>
            Port to use to connect to WebDriver BiDi [default: 9222]

1703598277457	mozrunner::runner	INFO	Running command: MOZ_CRASHREPORTER="1" MOZ_CRASHREPORTER_NO_REPORT="1" MOZ_CRASHREPORTER_SHUTDOWN="1" MOZ_NO_REMOTE="1" "/usr ... te" "--remote-debugging-port" "42279" "--remote-allow-hosts" "localhost" "-no-remote" "-profile" "/tmp/rust_mozprofilecwzJH4"
console.warn: services.settings: Ignoring preference override of remote settings server
console.warn: services.settings: Allow by setting MOZ_REMOTE_SETTINGS_DEVTOOLS=1 in the environment
ATTENTION: default value of option mesa_glthread overridden by environment.
ATTENTION: default value of option mesa_glthread overridden by environment.
ATTENTION: default value of option mesa_glthread overridden by environment.
1703598279029	Marionette	INFO	Marionette enabled
1703598279147	Marionette	INFO	Listening on port 44611
Read port: 44611
WebDriver BiDi listening on ws://127.0.0.1:42279
1703598279435	RemoteAgent	WARN	TLS certificate errors will be ignored for this session
console.error: ({})
DevTools listening on ws://127.0.0.1:42279/devtools/browser/74cb2236-93bb-4eed-b7b9-fe8555b66244
console.error: (new TypeError("this._searchProviderInfo is null", "resource:///modules/SearchSERPTelemetry.sys.mjs", 633))
console.error: (new TypeError("linkMap is undefined", "resource://gre/modules/NewTabUtils.sys.mjs", 2003))
console.warn: LoginRecipes: "Falling back to a synchronous message for: https://ahmia.fi."
console.warn: LoginRecipes: "Falling back to a synchronous message for: https://ahmia.fi."
console.warn: LoginRecipes: "Falling back to a synchronous message for: https://ahmia.fi."
1703598309164	addons.xpi	ERROR	System addon update list error SyntaxError: The URI is malformed.
1703598311735	Marionette	INFO	Stopped listening on port 44611
console.warn: services.settings: main/language-dictionaries sync interrupted by shutdown
console.warn: services.settings: main/password-recipes sync interrupted by shutdown
console.warn: services.settings: main/password-rules sync interrupted by shutdown
console.warn: services.settings: main/url-classifier-skip-urls sync interrupted by shutdown
1703598395248	geckodriver	INFO	Listening on 127.0.0.1:37289
/usr/local/bin/geckodriver: error: Address in use (os error 98)
geckodriver 0.33.0 (a80e5fd61076 2023-04-02 18:31 +0000) 
WebDriver implementation for Firefox

USAGE:
    geckodriver [OPTIONS]

OPTIONS:
        --allow-hosts <ALLOW_HOSTS>...
            List of hostnames to allow. By default the value of --host is allowed, and in addition
            if that's a well known local address, other variations on well known local addresses are
            allowed. If --allow-hosts is provided only exactly those hosts are allowed.

        --allow-origins <ALLOW_ORIGINS>...
            List of request origins to allow. These must be formatted as scheme://host:port. By
            default any request with an origin header is rejected. If --allow-origins is provided
            then only exactly those origins are allowed.

        --android-storage <ANDROID_STORAGE>
            Selects storage location to be used for test data (deprecated). [possible values: auto,
            app, internal, sdcard]

    -b, --binary <BINARY>
            Path to the Firefox binary

        --connect-existing
            Connect to an existing Firefox instance

    -h, --help
            Prints this message

        --host <HOST>
            Host IP to use for WebDriver server [default: 127.0.0.1]

        --jsdebugger
            Attach browser toolbox debugger for Firefox

        --log <LEVEL>
            Set Gecko log level [possible values: fatal, error, warn, info, config, debug, trace]

        --log-no-truncate
            Disable truncation of long log lines

        --marionette-host <HOST>
            Host to use to connect to Gecko [default: 127.0.0.1]

        --marionette-port <PORT>
            Port to use to connect to Gecko [default: system-allocated port]

    -p, --port <PORT>
            Port to use for WebDriver server [default: 4444]

        --profile-root <PROFILE_ROOT>
            Directory in which to create profiles. Defaults to the system temporary directory.

    -v
            Log level verbosity (-v for debug and -vv for trace level)

    -V, --version
            Prints version and copying information

        --websocket-port <PORT>
            Port to use to connect to WebDriver BiDi [default: 9222]

1703598395736	mozrunner::runner	INFO	Running command: MOZ_CRASHREPORTER="1" MOZ_CRASHREPORTER_NO_REPORT="1" MOZ_CRASHREPORTER_SHUTDOWN="1" MOZ_NO_REMOTE="1" "/usr ... te" "--remote-debugging-port" "47607" "--remote-allow-hosts" "localhost" "-no-remote" "-profile" "/tmp/rust_mozprofiledTgmjN"
console.warn: services.settings: Ignoring preference override of remote settings server
console.warn: services.settings: Allow by setting MOZ_REMOTE_SETTINGS_DEVTOOLS=1 in the environment
ATTENTION: default value of option mesa_glthread overridden by environment.
ATTENTION: default value of option mesa_glthread overridden by environment.
ATTENTION: default value of option mesa_glthread overridden by environment.
1703598396521	Marionette	INFO	Marionette enabled
1703598396624	Marionette	INFO	Listening on port 39987
WebDriver BiDi listening on ws://127.0.0.1:47607
Read port: 39987
1703598397048	RemoteAgent	WARN	TLS certificate errors will be ignored for this session
console.error: ({})
DevTools listening on ws://127.0.0.1:47607/devtools/browser/4a3dd3fc-d8af-4f90-a8cc-5e11cddcc794
console.error: (new TypeError("this._searchProviderInfo is null", "resource:///modules/SearchSERPTelemetry.sys.mjs", 633))
console.error: (new TypeError("linkMap is undefined", "resource://gre/modules/NewTabUtils.sys.mjs", 2003))
console.warn: LoginRecipes: "Falling back to a synchronous message for: https://ahmia.fi."
console.warn: LoginRecipes: "Falling back to a synchronous message for: https://ahmia.fi."
console.warn: LoginRecipes: "Falling back to a synchronous message for: https://ahmia.fi."
1703598425848	Marionette	INFO	Stopped listening on port 39987
1703598426967	geckodriver::marionette	ERROR	Failed to close browser connection: Socket not connected (os error 107)
1703598510489	geckodriver	INFO	Listening on 127.0.0.1:47661
/usr/local/bin/geckodriver: error: Address in use (os error 98)
geckodriver 0.33.0 (a80e5fd61076 2023-04-02 18:31 +0000) 
WebDriver implementation for Firefox

USAGE:
    geckodriver [OPTIONS]

OPTIONS:
        --allow-hosts <ALLOW_HOSTS>...
            List of hostnames to allow. By default the value of --host is allowed, and in addition
            if that's a well known local address, other variations on well known local addresses are
            allowed. If --allow-hosts is provided only exactly those hosts are allowed.

        --allow-origins <ALLOW_ORIGINS>...
            List of request origins to allow. These must be formatted as scheme://host:port. By
            default any request with an origin header is rejected. If --allow-origins is provided
            then only exactly those origins are allowed.

        --android-storage <ANDROID_STORAGE>
            Selects storage location to be used for test data (deprecated). [possible values: auto,
            app, internal, sdcard]

    -b, --binary <BINARY>
            Path to the Firefox binary

        --connect-existing
            Connect to an existing Firefox instance

    -h, --help
            Prints this message

        --host <HOST>
            Host IP to use for WebDriver server [default: 127.0.0.1]

        --jsdebugger
            Attach browser toolbox debugger for Firefox

        --log <LEVEL>
            Set Gecko log level [possible values: fatal, error, warn, info, config, debug, trace]

        --log-no-truncate
            Disable truncation of long log lines

        --marionette-host <HOST>
            Host to use to connect to Gecko [default: 127.0.0.1]

        --marionette-port <PORT>
            Port to use to connect to Gecko [default: system-allocated port]

    -p, --port <PORT>
            Port to use for WebDriver server [default: 4444]

        --profile-root <PROFILE_ROOT>
            Directory in which to create profiles. Defaults to the system temporary directory.

    -v
            Log level verbosity (-v for debug and -vv for trace level)

    -V, --version
            Prints version and copying information

        --websocket-port <PORT>
            Port to use to connect to WebDriver BiDi [default: 9222]

1703598510494	mozrunner::runner	INFO	Running command: MOZ_CRASHREPORTER="1" MOZ_CRASHREPORTER_NO_REPORT="1" MOZ_CRASHREPORTER_SHUTDOWN="1" MOZ_NO_REMOTE="1" "/usr ... te" "--remote-debugging-port" "59511" "--remote-allow-hosts" "localhost" "-no-remote" "-profile" "/tmp/rust_mozprofilegcw0Cb"
console.warn: services.settings: Ignoring preference override of remote settings server
console.warn: services.settings: Allow by setting MOZ_REMOTE_SETTINGS_DEVTOOLS=1 in the environment
ATTENTION: default value of option mesa_glthread overridden by environment.
ATTENTION: default value of option mesa_glthread overridden by environment.
ATTENTION: default value of option mesa_glthread overridden by environment.
1703598511335	Marionette	INFO	Marionette enabled
1703598511439	Marionette	INFO	Listening on port 33073
WebDriver BiDi listening on ws://127.0.0.1:59511
Read port: 33073
1703598511860	RemoteAgent	WARN	TLS certificate errors will be ignored for this session
console.error: ({})
DevTools listening on ws://127.0.0.1:59511/devtools/browser/d5a9ab8d-5f0a-4020-b9af-95e8365a55ef
console.error: (new TypeError("linkMap is undefined", "resource://gre/modules/NewTabUtils.sys.mjs", 2003))
console.warn: LoginRecipes: "Falling back to a synchronous message for: https://ahmia.fi."
console.warn: LoginRecipes: "Falling back to a synchronous message for: https://ahmia.fi."
console.warn: LoginRecipes: "Falling back to a synchronous message for: https://ahmia.fi."
1703598541361	addons.xpi	ERROR	System addon update list error SyntaxError: The URI is malformed.
console.warn: LoginRecipes: "Falling back to a synchronous message for: https://ahmia.fi."
console.warn: LoginRecipes: "Falling back to a synchronous message for: https://ahmia.fi."
1703598562472	Marionette	INFO	Stopped listening on port 33073
1703598656191	geckodriver	INFO	Listening on 127.0.0.1:60931
/usr/local/bin/geckodriver: error: Address in use (os error 98)
geckodriver 0.33.0 (a80e5fd61076 2023-04-02 18:31 +0000) 
WebDriver implementation for Firefox

USAGE:
    geckodriver [OPTIONS]

OPTIONS:
        --allow-hosts <ALLOW_HOSTS>...
            List of hostnames to allow. By default the value of --host is allowed, and in addition
            if that's a well known local address, other variations on well known local addresses are
            allowed. If --allow-hosts is provided only exactly those hosts are allowed.

        --allow-origins <ALLOW_ORIGINS>...
            List of request origins to allow. These must be formatted as scheme://host:port. By
            default any request with an origin header is rejected. If --allow-origins is provided
            then only exactly those origins are allowed.

        --android-storage <ANDROID_STORAGE>
            Selects storage location to be used for test data (deprecated). [possible values: auto,
            app, internal, sdcard]

    -b, --binary <BINARY>
            Path to the Firefox binary

        --connect-existing
            Connect to an existing Firefox instance

    -h, --help
            Prints this message

        --host <HOST>
            Host IP to use for WebDriver server [default: 127.0.0.1]

        --jsdebugger
            Attach browser toolbox debugger for Firefox

        --log <LEVEL>
            Set Gecko log level [possible values: fatal, error, warn, info, config, debug, trace]

        --log-no-truncate
            Disable truncation of long log lines

        --marionette-host <HOST>
            Host to use to connect to Gecko [default: 127.0.0.1]

        --marionette-port <PORT>
            Port to use to connect to Gecko [default: system-allocated port]

    -p, --port <PORT>
            Port to use for WebDriver server [default: 4444]

        --profile-root <PROFILE_ROOT>
            Directory in which to create profiles. Defaults to the system temporary directory.

    -v
            Log level verbosity (-v for debug and -vv for trace level)

    -V, --version
            Prints version and copying information

        --websocket-port <PORT>
            Port to use to connect to WebDriver BiDi [default: 9222]

1703598656197	mozrunner::runner	INFO	Running command: MOZ_CRASHREPORTER="1" MOZ_CRASHREPORTER_NO_REPORT="1" MOZ_CRASHREPORTER_SHUTDOWN="1" MOZ_NO_REMOTE="1" "/usr ... te" "--remote-debugging-port" "37167" "--remote-allow-hosts" "localhost" "-no-remote" "-profile" "/tmp/rust_mozprofilePrl7rO"
console.warn: services.settings: Ignoring preference override of remote settings server
console.warn: services.settings: Allow by setting MOZ_REMOTE_SETTINGS_DEVTOOLS=1 in the environment
ATTENTION: default value of option mesa_glthread overridden by environment.
ATTENTION: default value of option mesa_glthread overridden by environment.
ATTENTION: default value of option mesa_glthread overridden by environment.
1703598656660	Marionette	INFO	Marionette enabled
1703598656744	Marionette	INFO	Listening on port 46733
WebDriver BiDi listening on ws://127.0.0.1:37167
Read port: 46733
1703598657230	RemoteAgent	WARN	TLS certificate errors will be ignored for this session
console.error: ({})
DevTools listening on ws://127.0.0.1:37167/devtools/browser/f690e41e-f55a-4530-ab91-9cd941d2f899
console.error: (new TypeError("this._searchProviderInfo is null", "resource:///modules/SearchSERPTelemetry.sys.mjs", 633))
console.error: (new TypeError("linkMap is undefined", "resource://gre/modules/NewTabUtils.sys.mjs", 2003))
console.warn: LoginRecipes: "Falling back to a synchronous message for: https://ahmia.fi."
console.warn: LoginRecipes: "Falling back to a synchronous message for: https://ahmia.fi."
console.warn: LoginRecipes: "Falling back to a synchronous message for: https://ahmia.fi."
1703598686675	addons.xpi	ERROR	System addon update list error SyntaxError: The URI is malformed.
console.warn: LoginRecipes: "Falling back to a synchronous message for: https://ahmia.fi."
console.warn: LoginRecipes: "Falling back to a synchronous message for: https://ahmia.fi."
1703598704582	Marionette	INFO	Stopped listening on port 46733
Sandbox: Unexpected EOF, op 0 flags 00 path /proc/cpuinfo
1703598894611	geckodriver	INFO	Listening on 127.0.0.1:50059
/usr/local/bin/geckodriver: error: Address in use (os error 98)
geckodriver 0.33.0 (a80e5fd61076 2023-04-02 18:31 +0000) 
WebDriver implementation for Firefox

USAGE:
    geckodriver [OPTIONS]

OPTIONS:
        --allow-hosts <ALLOW_HOSTS>...
            List of hostnames to allow. By default the value of --host is allowed, and in addition
            if that's a well known local address, other variations on well known local addresses are
            allowed. If --allow-hosts is provided only exactly those hosts are allowed.

        --allow-origins <ALLOW_ORIGINS>...
            List of request origins to allow. These must be formatted as scheme://host:port. By
            default any request with an origin header is rejected. If --allow-origins is provided
            then only exactly those origins are allowed.

        --android-storage <ANDROID_STORAGE>
            Selects storage location to be used for test data (deprecated). [possible values: auto,
            app, internal, sdcard]

    -b, --binary <BINARY>
            Path to the Firefox binary

        --connect-existing
            Connect to an existing Firefox instance

    -h, --help
            Prints this message

        --host <HOST>
            Host IP to use for WebDriver server [default: 127.0.0.1]

        --jsdebugger
            Attach browser toolbox debugger for Firefox

        --log <LEVEL>
            Set Gecko log level [possible values: fatal, error, warn, info, config, debug, trace]

        --log-no-truncate
            Disable truncation of long log lines

        --marionette-host <HOST>
            Host to use to connect to Gecko [default: 127.0.0.1]

        --marionette-port <PORT>
            Port to use to connect to Gecko [default: system-allocated port]

    -p, --port <PORT>
            Port to use for WebDriver server [default: 4444]

        --profile-root <PROFILE_ROOT>
            Directory in which to create profiles. Defaults to the system temporary directory.

    -v
            Log level verbosity (-v for debug and -vv for trace level)

    -V, --version
            Prints version and copying information

        --websocket-port <PORT>
            Port to use to connect to WebDriver BiDi [default: 9222]

1703598895082	mozrunner::runner	INFO	Running command: MOZ_CRASHREPORTER="1" MOZ_CRASHREPORTER_NO_REPORT="1" MOZ_CRASHREPORTER_SHUTDOWN="1" MOZ_NO_REMOTE="1" "/usr ... te" "--remote-debugging-port" "44081" "--remote-allow-hosts" "localhost" "-no-remote" "-profile" "/tmp/rust_mozprofilesnsC3R"
console.warn: services.settings: Ignoring preference override of remote settings server
console.warn: services.settings: Allow by setting MOZ_REMOTE_SETTINGS_DEVTOOLS=1 in the environment
ATTENTION: default value of option mesa_glthread overridden by environment.
ATTENTION: default value of option mesa_glthread overridden by environment.
ATTENTION: default value of option mesa_glthread overridden by environment.
1703598896015	Marionette	INFO	Marionette enabled
1703598896134	Marionette	INFO	Listening on port 34599
WebDriver BiDi listening on ws://127.0.0.1:44081
Read port: 34599
1703598896631	RemoteAgent	WARN	TLS certificate errors will be ignored for this session
console.error: ({})
DevTools listening on ws://127.0.0.1:44081/devtools/browser/a388e9b1-75ed-4ada-b5b8-2967984f4854
console.error: (new TypeError("linkMap is undefined", "resource://gre/modules/NewTabUtils.sys.mjs", 2003))
console.warn: LoginRecipes: "Falling back to a synchronous message for: https://ahmia.fi."
console.warn: LoginRecipes: "Falling back to a synchronous message for: https://ahmia.fi."
console.warn: LoginRecipes: "Falling back to a synchronous message for: https://ahmia.fi."
1703598926036	addons.xpi	ERROR	System addon update list error SyntaxError: The URI is malformed.
console.warn: LoginRecipes: "Falling back to a synchronous message for: https://ahmia.fi."
console.warn: LoginRecipes: "Falling back to a synchronous message for: https://ahmia.fi."
1703598944190	Marionette	INFO	Stopped listening on port 34599
1703599296610	geckodriver	INFO	Listening on 127.0.0.1:48021
/usr/local/bin/geckodriver: error: Address in use (os error 98)
geckodriver 0.33.0 (a80e5fd61076 2023-04-02 18:31 +0000) 
WebDriver implementation for Firefox

USAGE:
    geckodriver [OPTIONS]

OPTIONS:
        --allow-hosts <ALLOW_HOSTS>...
            List of hostnames to allow. By default the value of --host is allowed, and in addition
            if that's a well known local address, other variations on well known local addresses are
            allowed. If --allow-hosts is provided only exactly those hosts are allowed.

        --allow-origins <ALLOW_ORIGINS>...
            List of request origins to allow. These must be formatted as scheme://host:port. By
            default any request with an origin header is rejected. If --allow-origins is provided
            then only exactly those origins are allowed.

        --android-storage <ANDROID_STORAGE>
            Selects storage location to be used for test data (deprecated). [possible values: auto,
            app, internal, sdcard]

    -b, --binary <BINARY>
            Path to the Firefox binary

        --connect-existing
            Connect to an existing Firefox instance

    -h, --help
            Prints this message

        --host <HOST>
            Host IP to use for WebDriver server [default: 127.0.0.1]

        --jsdebugger
            Attach browser toolbox debugger for Firefox

        --log <LEVEL>
            Set Gecko log level [possible values: fatal, error, warn, info, config, debug, trace]

        --log-no-truncate
            Disable truncation of long log lines

        --marionette-host <HOST>
            Host to use to connect to Gecko [default: 127.0.0.1]

        --marionette-port <PORT>
            Port to use to connect to Gecko [default: system-allocated port]

    -p, --port <PORT>
            Port to use for WebDriver server [default: 4444]

        --profile-root <PROFILE_ROOT>
            Directory in which to create profiles. Defaults to the system temporary directory.

    -v
            Log level verbosity (-v for debug and -vv for trace level)

    -V, --version
            Prints version and copying information

        --websocket-port <PORT>
            Port to use to connect to WebDriver BiDi [default: 9222]

1703599296615	mozrunner::runner	INFO	Running command: MOZ_CRASHREPORTER="1" MOZ_CRASHREPORTER_NO_REPORT="1" MOZ_CRASHREPORTER_SHUTDOWN="1" MOZ_NO_REMOTE="1" "/usr ... te" "--remote-debugging-port" "34593" "--remote-allow-hosts" "localhost" "-no-remote" "-profile" "/tmp/rust_mozprofileTWX42t"
console.warn: services.settings: Ignoring preference override of remote settings server
console.warn: services.settings: Allow by setting MOZ_REMOTE_SETTINGS_DEVTOOLS=1 in the environment
ATTENTION: default value of option mesa_glthread overridden by environment.
ATTENTION: default value of option mesa_glthread overridden by environment.
ATTENTION: default value of option mesa_glthread overridden by environment.
1703599297373	Marionette	INFO	Marionette enabled
1703599297440	Marionette	INFO	Listening on port 34435
WebDriver BiDi listening on ws://127.0.0.1:34593
Read port: 34435
1703599297913	RemoteAgent	WARN	TLS certificate errors will be ignored for this session
console.error: ({})
DevTools listening on ws://127.0.0.1:34593/devtools/browser/d380282b-3c67-4e3a-ad63-b92fec313097
1703599300690	Marionette	INFO	Stopped listening on port 34435
console.log: "RemoteSettingsWorker error: Error: Can't import when we've started shutting down."
console.error: (new RemoteSettingsWorkerError("Error: Can't import when we've started shutting down.", "resource://services-settings/RemoteSettingsWorker.sys.mjs", 39))
JavaScript error: resource://gre/modules/JSONFile.sys.mjs, line 184: Error: Data is not ready.
console.log: "RemoteSettingsWorker error: Error: Can't import when we've started shutting down."
console.error: (new RemoteSettingsWorkerError("Error: Can't import when we've started shutting down.", "resource://services-settings/RemoteSettingsWorker.sys.mjs", 39))
console.log: "RemoteSettingsWorker error: Error: Can't import when we've started shutting down."
console.log: "RemoteSettingsWorker error: Error: Can't import when we've started shutting down."
console.error: (new RemoteSettingsWorkerError("Error: Can't import when we've started shutting down.", "resource://services-settings/RemoteSettingsWorker.sys.mjs", 39))
console.log: "RemoteSettingsWorker error: Error: Can't import when we've started shutting down."
console.error: (new RemoteSettingsWorkerError("Error: Can't import when we've started shutting down.", "resource://services-settings/RemoteSettingsWorker.sys.mjs", 39))
console.error: (new RemoteSettingsWorkerError("Error: Can't import when we've started shutting down.", "resource://services-settings/RemoteSettingsWorker.sys.mjs", 39))
console.log: "RemoteSettingsWorker error: Error: Can't import when we've started shutting down."
console.error: (new RemoteSettingsWorkerError("Error: Can't import when we've started shutting down.", "resource://services-settings/RemoteSettingsWorker.sys.mjs", 39))
1703599327930	geckodriver	INFO	Listening on 127.0.0.1:35575
/usr/local/bin/geckodriver: error: Address in use (os error 98)
geckodriver 0.33.0 (a80e5fd61076 2023-04-02 18:31 +0000) 
WebDriver implementation for Firefox

USAGE:
    geckodriver [OPTIONS]

OPTIONS:
        --allow-hosts <ALLOW_HOSTS>...
            List of hostnames to allow. By default the value of --host is allowed, and in addition
            if that's a well known local address, other variations on well known local addresses are
            allowed. If --allow-hosts is provided only exactly those hosts are allowed.

        --allow-origins <ALLOW_ORIGINS>...
            List of request origins to allow. These must be formatted as scheme://host:port. By
            default any request with an origin header is rejected. If --allow-origins is provided
            then only exactly those origins are allowed.

        --android-storage <ANDROID_STORAGE>
            Selects storage location to be used for test data (deprecated). [possible values: auto,
            app, internal, sdcard]

    -b, --binary <BINARY>
            Path to the Firefox binary

        --connect-existing
            Connect to an existing Firefox instance

    -h, --help
            Prints this message

        --host <HOST>
            Host IP to use for WebDriver server [default: 127.0.0.1]

        --jsdebugger
            Attach browser toolbox debugger for Firefox

        --log <LEVEL>
            Set Gecko log level [possible values: fatal, error, warn, info, config, debug, trace]

        --log-no-truncate
            Disable truncation of long log lines

        --marionette-host <HOST>
            Host to use to connect to Gecko [default: 127.0.0.1]

        --marionette-port <PORT>
            Port to use to connect to Gecko [default: system-allocated port]

    -p, --port <PORT>
            Port to use for WebDriver server [default: 4444]

        --profile-root <PROFILE_ROOT>
            Directory in which to create profiles. Defaults to the system temporary directory.

    -v
            Log level verbosity (-v for debug and -vv for trace level)

    -V, --version
            Prints version and copying information

        --websocket-port <PORT>
            Port to use to connect to WebDriver BiDi [default: 9222]

1703599327937	mozrunner::runner	INFO	Running command: MOZ_CRASHREPORTER="1" MOZ_CRASHREPORTER_NO_REPORT="1" MOZ_CRASHREPORTER_SHUTDOWN="1" MOZ_NO_REMOTE="1" "/usr ... te" "--remote-debugging-port" "51463" "--remote-allow-hosts" "localhost" "-no-remote" "-profile" "/tmp/rust_mozprofileh7gbqG"
console.warn: services.settings: Ignoring preference override of remote settings server
console.warn: services.settings: Allow by setting MOZ_REMOTE_SETTINGS_DEVTOOLS=1 in the environment
ATTENTION: default value of option mesa_glthread overridden by environment.
ATTENTION: default value of option mesa_glthread overridden by environment.
ATTENTION: default value of option mesa_glthread overridden by environment.
1703599328389	Marionette	INFO	Marionette enabled
1703599328475	Marionette	INFO	Listening on port 36737
WebDriver BiDi listening on ws://127.0.0.1:51463
Read port: 36737
1703599328869	RemoteAgent	WARN	TLS certificate errors will be ignored for this session
console.error: ({})
DevTools listening on ws://127.0.0.1:51463/devtools/browser/a4035948-ad21-4308-ba21-b52bdd9f0d19
console.error: (new TypeError("linkMap is undefined", "resource://gre/modules/NewTabUtils.sys.mjs", 2003))
console.warn: LoginRecipes: "Falling back to a synchronous message for: https://ahmia.fi."
1703599358437	addons.xpi	ERROR	System addon update list error SyntaxError: The URI is malformed.
1703599360915	Marionette	WARN	Ignoring event 'DOMContentLoaded' because document has an invalid readyState of 'complete'.
console.warn: LoginRecipes: "Falling back to a synchronous message for: https://ahmia.fi."
console.warn: LoginRecipes: "Falling back to a synchronous message for: https://ahmia.fi."
console.warn: LoginRecipes: "Falling back to a synchronous message for: https://ahmia.fi."
console.warn: LoginRecipes: "Falling back to a synchronous message for: https://ahmia.fi."
1703599395270	Marionette	INFO	Stopped listening on port 36737
1703599496605	geckodriver	INFO	Listening on 127.0.0.1:40535
/usr/local/bin/geckodriver: error: Address in use (os error 98)
geckodriver 0.33.0 (a80e5fd61076 2023-04-02 18:31 +0000) 
WebDriver implementation for Firefox

USAGE:
    geckodriver [OPTIONS]

OPTIONS:
        --allow-hosts <ALLOW_HOSTS>...
            List of hostnames to allow. By default the value of --host is allowed, and in addition
            if that's a well known local address, other variations on well known local addresses are
            allowed. If --allow-hosts is provided only exactly those hosts are allowed.

        --allow-origins <ALLOW_ORIGINS>...
            List of request origins to allow. These must be formatted as scheme://host:port. By
            default any request with an origin header is rejected. If --allow-origins is provided
            then only exactly those origins are allowed.

        --android-storage <ANDROID_STORAGE>
            Selects storage location to be used for test data (deprecated). [possible values: auto,
            app, internal, sdcard]

    -b, --binary <BINARY>
            Path to the Firefox binary

        --connect-existing
            Connect to an existing Firefox instance

    -h, --help
            Prints this message

        --host <HOST>
            Host IP to use for WebDriver server [default: 127.0.0.1]

        --jsdebugger
            Attach browser toolbox debugger for Firefox

        --log <LEVEL>
            Set Gecko log level [possible values: fatal, error, warn, info, config, debug, trace]

        --log-no-truncate
            Disable truncation of long log lines

        --marionette-host <HOST>
            Host to use to connect to Gecko [default: 127.0.0.1]

        --marionette-port <PORT>
            Port to use to connect to Gecko [default: system-allocated port]

    -p, --port <PORT>
            Port to use for WebDriver server [default: 4444]

        --profile-root <PROFILE_ROOT>
            Directory in which to create profiles. Defaults to the system temporary directory.

    -v
            Log level verbosity (-v for debug and -vv for trace level)

    -V, --version
            Prints version and copying information

        --websocket-port <PORT>
            Port to use to connect to WebDriver BiDi [default: 9222]

1703599496611	mozrunner::runner	INFO	Running command: MOZ_CRASHREPORTER="1" MOZ_CRASHREPORTER_NO_REPORT="1" MOZ_CRASHREPORTER_SHUTDOWN="1" MOZ_NO_REMOTE="1" "/usr ... te" "--remote-debugging-port" "48827" "--remote-allow-hosts" "localhost" "-no-remote" "-profile" "/tmp/rust_mozprofileKPK1Yb"
console.warn: services.settings: Ignoring preference override of remote settings server
console.warn: services.settings: Allow by setting MOZ_REMOTE_SETTINGS_DEVTOOLS=1 in the environment
ATTENTION: default value of option mesa_glthread overridden by environment.
ATTENTION: default value of option mesa_glthread overridden by environment.
ATTENTION: default value of option mesa_glthread overridden by environment.
1703599497075	Marionette	INFO	Marionette enabled
1703599497166	Marionette	INFO	Listening on port 40113
WebDriver BiDi listening on ws://127.0.0.1:48827
Read port: 40113
1703599497773	RemoteAgent	WARN	TLS certificate errors will be ignored for this session
console.error: ({})
DevTools listening on ws://127.0.0.1:48827/devtools/browser/06479f51-b52b-4215-8b8b-f89266a0c1cd
console.error: (new TypeError("linkMap is undefined", "resource://gre/modules/NewTabUtils.sys.mjs", 2003))
console.warn: LoginRecipes: "Falling back to a synchronous message for: https://ahmia.fi."
console.warn: LoginRecipes: "Falling back to a synchronous message for: https://ahmia.fi."
1703599527097	addons.xpi	ERROR	System addon update list error SyntaxError: The URI is malformed.
console.warn: LoginRecipes: "Falling back to a synchronous message for: https://ahmia.fi."
1703599543371	Marionette	INFO	Stopped listening on port 40113
Sandbox: Unexpected EOF, op 0 flags 00 path /proc/cpuinfo
1703599584583	geckodriver	INFO	Listening on 127.0.0.1:44195
/usr/local/bin/geckodriver: error: Address in use (os error 98)
geckodriver 0.33.0 (a80e5fd61076 2023-04-02 18:31 +0000) 
WebDriver implementation for Firefox

USAGE:
    geckodriver [OPTIONS]

OPTIONS:
        --allow-hosts <ALLOW_HOSTS>...
            List of hostnames to allow. By default the value of --host is allowed, and in addition
            if that's a well known local address, other variations on well known local addresses are
            allowed. If --allow-hosts is provided only exactly those hosts are allowed.

        --allow-origins <ALLOW_ORIGINS>...
            List of request origins to allow. These must be formatted as scheme://host:port. By
            default any request with an origin header is rejected. If --allow-origins is provided
            then only exactly those origins are allowed.

        --android-storage <ANDROID_STORAGE>
            Selects storage location to be used for test data (deprecated). [possible values: auto,
            app, internal, sdcard]

    -b, --binary <BINARY>
            Path to the Firefox binary

        --connect-existing
            Connect to an existing Firefox instance

    -h, --help
            Prints this message

        --host <HOST>
            Host IP to use for WebDriver server [default: 127.0.0.1]

        --jsdebugger
            Attach browser toolbox debugger for Firefox

        --log <LEVEL>
            Set Gecko log level [possible values: fatal, error, warn, info, config, debug, trace]

        --log-no-truncate
            Disable truncation of long log lines

        --marionette-host <HOST>
            Host to use to connect to Gecko [default: 127.0.0.1]

        --marionette-port <PORT>
            Port to use to connect to Gecko [default: system-allocated port]

    -p, --port <PORT>
            Port to use for WebDriver server [default: 4444]

        --profile-root <PROFILE_ROOT>
            Directory in which to create profiles. Defaults to the system temporary directory.

    -v
            Log level verbosity (-v for debug and -vv for trace level)

    -V, --version
            Prints version and copying information

        --websocket-port <PORT>
            Port to use to connect to WebDriver BiDi [default: 9222]

1703599584707	mozrunner::runner	INFO	Running command: MOZ_CRASHREPORTER="1" MOZ_CRASHREPORTER_NO_REPORT="1" MOZ_CRASHREPORTER_SHUTDOWN="1" MOZ_NO_REMOTE="1" "/usr ... te" "--remote-debugging-port" "60947" "--remote-allow-hosts" "localhost" "-no-remote" "-profile" "/tmp/rust_mozprofileXCXRLb"
console.warn: services.settings: Ignoring preference override of remote settings server
console.warn: services.settings: Allow by setting MOZ_REMOTE_SETTINGS_DEVTOOLS=1 in the environment
ATTENTION: default value of option mesa_glthread overridden by environment.
ATTENTION: default value of option mesa_glthread overridden by environment.
ATTENTION: default value of option mesa_glthread overridden by environment.
1703599586129	Marionette	INFO	Marionette enabled
1703599586227	Marionette	INFO	Listening on port 42309
WebDriver BiDi listening on ws://127.0.0.1:60947
Read port: 42309
1703599586632	RemoteAgent	WARN	TLS certificate errors will be ignored for this session
console.error: ({})
DevTools listening on ws://127.0.0.1:60947/devtools/browser/8bf56c2a-d884-4c7a-8a13-be8e4b7d506c
console.error: (new TypeError("linkMap is undefined", "resource://gre/modules/NewTabUtils.sys.mjs", 2003))
console.warn: LoginRecipes: "Falling back to a synchronous message for: https://ahmia.fi."
console.warn: LoginRecipes: "Falling back to a synchronous message for: https://ahmia.fi."
1703599616152	addons.xpi	ERROR	System addon update list error SyntaxError: The URI is malformed.
1703599618589	Marionette	INFO	Stopped listening on port 42309
console.error: services.settings: 
  Message: NetworkError: Network error: TypeError: NetworkError: Network request failed
  Stack:
    APIError@resource://services-settings/RemoteSettingsClient.sys.mjs:111:1
NetworkError@resource://services-settings/RemoteSettingsClient.sys.mjs:115:5
_adjustedError@resource://services-settings/RemoteSettingsClient.sys.mjs:911:14
maybeSync@resource://services-settings/RemoteSettingsClient.sys.mjs:816:38

console.warn: services.settings: main/normandy-recipes-capabilities sync interrupted by shutdown
console.warn: services.settings: main/sites-classification sync interrupted by shutdown
console.warn: services.settings: main/anti-tracking-url-decoration sync interrupted by shutdown
console.error: (new AbortError("IndexedDB: main/cfr-srg getLastModified() IndexedDB:  execute() A request was aborted, for example through a call to IDBTransaction.abort.", "resource://services-settings/IDBHelpers.jsm", 18))
1703599712648	geckodriver	INFO	Listening on 127.0.0.1:60773
/usr/local/bin/geckodriver: error: Address in use (os error 98)
geckodriver 0.33.0 (a80e5fd61076 2023-04-02 18:31 +0000) 
WebDriver implementation for Firefox

USAGE:
    geckodriver [OPTIONS]

OPTIONS:
        --allow-hosts <ALLOW_HOSTS>...
            List of hostnames to allow. By default the value of --host is allowed, and in addition
            if that's a well known local address, other variations on well known local addresses are
            allowed. If --allow-hosts is provided only exactly those hosts are allowed.

        --allow-origins <ALLOW_ORIGINS>...
            List of request origins to allow. These must be formatted as scheme://host:port. By
            default any request with an origin header is rejected. If --allow-origins is provided
            then only exactly those origins are allowed.

        --android-storage <ANDROID_STORAGE>
            Selects storage location to be used for test data (deprecated). [possible values: auto,
            app, internal, sdcard]

    -b, --binary <BINARY>
            Path to the Firefox binary

        --connect-existing
            Connect to an existing Firefox instance

    -h, --help
            Prints this message

        --host <HOST>
            Host IP to use for WebDriver server [default: 127.0.0.1]

        --jsdebugger
            Attach browser toolbox debugger for Firefox

        --log <LEVEL>
            Set Gecko log level [possible values: fatal, error, warn, info, config, debug, trace]

        --log-no-truncate
            Disable truncation of long log lines

        --marionette-host <HOST>
            Host to use to connect to Gecko [default: 127.0.0.1]

        --marionette-port <PORT>
            Port to use to connect to Gecko [default: system-allocated port]

    -p, --port <PORT>
            Port to use for WebDriver server [default: 4444]

        --profile-root <PROFILE_ROOT>
            Directory in which to create profiles. Defaults to the system temporary directory.

    -v
            Log level verbosity (-v for debug and -vv for trace level)

    -V, --version
            Prints version and copying information

        --websocket-port <PORT>
            Port to use to connect to WebDriver BiDi [default: 9222]

1703599712654	mozrunner::runner	INFO	Running command: MOZ_CRASHREPORTER="1" MOZ_CRASHREPORTER_NO_REPORT="1" MOZ_CRASHREPORTER_SHUTDOWN="1" MOZ_NO_REMOTE="1" "/usr ... te" "--remote-debugging-port" "50815" "--remote-allow-hosts" "localhost" "-no-remote" "-profile" "/tmp/rust_mozprofileeemLFZ"
console.warn: services.settings: Ignoring preference override of remote settings server
console.warn: services.settings: Allow by setting MOZ_REMOTE_SETTINGS_DEVTOOLS=1 in the environment
ATTENTION: default value of option mesa_glthread overridden by environment.
ATTENTION: default value of option mesa_glthread overridden by environment.
ATTENTION: default value of option mesa_glthread overridden by environment.
1703599713101	Marionette	INFO	Marionette enabled
1703599713183	Marionette	INFO	Listening on port 46819
WebDriver BiDi listening on ws://127.0.0.1:50815
Read port: 46819
1703599713697	RemoteAgent	WARN	TLS certificate errors will be ignored for this session
console.error: ({})
DevTools listening on ws://127.0.0.1:50815/devtools/browser/f07cf506-350d-44d0-a6de-f3ce44cebd08
console.error: (new TypeError("linkMap is undefined", "resource://gre/modules/NewTabUtils.sys.mjs", 2003))
console.warn: LoginRecipes: "Falling back to a synchronous message for: https://ahmia.fi."
console.warn: LoginRecipes: "Falling back to a synchronous message for: https://ahmia.fi."
1703599743118	addons.xpi	ERROR	System addon update list error SyntaxError: The URI is malformed.
console.warn: LoginRecipes: "Falling back to a synchronous message for: https://ahmia.fi."
1703599759664	Marionette	INFO	Stopped listening on port 46819
1703599878983	geckodriver	INFO	Listening on 127.0.0.1:35523
/usr/local/bin/geckodriver: error: Address in use (os error 98)
geckodriver 0.33.0 (a80e5fd61076 2023-04-02 18:31 +0000) 
WebDriver implementation for Firefox

USAGE:
    geckodriver [OPTIONS]

OPTIONS:
        --allow-hosts <ALLOW_HOSTS>...
            List of hostnames to allow. By default the value of --host is allowed, and in addition
            if that's a well known local address, other variations on well known local addresses are
            allowed. If --allow-hosts is provided only exactly those hosts are allowed.

        --allow-origins <ALLOW_ORIGINS>...
            List of request origins to allow. These must be formatted as scheme://host:port. By
            default any request with an origin header is rejected. If --allow-origins is provided
            then only exactly those origins are allowed.

        --android-storage <ANDROID_STORAGE>
            Selects storage location to be used for test data (deprecated). [possible values: auto,
            app, internal, sdcard]

    -b, --binary <BINARY>
            Path to the Firefox binary

        --connect-existing
            Connect to an existing Firefox instance

    -h, --help
            Prints this message

        --host <HOST>
            Host IP to use for WebDriver server [default: 127.0.0.1]

        --jsdebugger
            Attach browser toolbox debugger for Firefox

        --log <LEVEL>
            Set Gecko log level [possible values: fatal, error, warn, info, config, debug, trace]

        --log-no-truncate
            Disable truncation of long log lines

        --marionette-host <HOST>
            Host to use to connect to Gecko [default: 127.0.0.1]

        --marionette-port <PORT>
            Port to use to connect to Gecko [default: system-allocated port]

    -p, --port <PORT>
            Port to use for WebDriver server [default: 4444]

        --profile-root <PROFILE_ROOT>
            Directory in which to create profiles. Defaults to the system temporary directory.

    -v
            Log level verbosity (-v for debug and -vv for trace level)

    -V, --version
            Prints version and copying information

        --websocket-port <PORT>
            Port to use to connect to WebDriver BiDi [default: 9222]

1703599878989	mozrunner::runner	INFO	Running command: MOZ_CRASHREPORTER="1" MOZ_CRASHREPORTER_NO_REPORT="1" MOZ_CRASHREPORTER_SHUTDOWN="1" MOZ_NO_REMOTE="1" "/usr ... te" "--remote-debugging-port" "59517" "--remote-allow-hosts" "localhost" "-no-remote" "-profile" "/tmp/rust_mozprofileVlTr6E"
console.warn: services.settings: Ignoring preference override of remote settings server
console.warn: services.settings: Allow by setting MOZ_REMOTE_SETTINGS_DEVTOOLS=1 in the environment
ATTENTION: default value of option mesa_glthread overridden by environment.
ATTENTION: default value of option mesa_glthread overridden by environment.
ATTENTION: default value of option mesa_glthread overridden by environment.
1703599879679	Marionette	INFO	Marionette enabled
1703599879764	Marionette	INFO	Listening on port 42347
WebDriver BiDi listening on ws://127.0.0.1:59517
Read port: 42347
1703599880206	RemoteAgent	WARN	TLS certificate errors will be ignored for this session
console.error: ({})
DevTools listening on ws://127.0.0.1:59517/devtools/browser/eb7c4a74-5374-4efc-acd5-d361694d5e3c
console.error: (new TypeError("this._searchProviderInfo is null", "resource:///modules/SearchSERPTelemetry.sys.mjs", 633))
console.error: (new TypeError("linkMap is undefined", "resource://gre/modules/NewTabUtils.sys.mjs", 2003))
console.warn: LoginRecipes: "Falling back to a synchronous message for: https://ahmia.fi."
console.warn: LoginRecipes: "Falling back to a synchronous message for: https://ahmia.fi."
1703599909693	addons.xpi	ERROR	System addon update list error SyntaxError: The URI is malformed.
1703599912366	Marionette	INFO	Stopped listening on port 42347
console.error: services.settings: 
  main/normandy-recipes-capabilities Signature failed  TypeError: NetworkError: Network request failed
console.error: services.settings: 
  Message: NetworkError: Network error: TypeError: NetworkError: Network request failed
  Stack:
    APIError@resource://services-settings/RemoteSettingsClient.sys.mjs:111:1
NetworkError@resource://services-settings/RemoteSettingsClient.sys.mjs:115:5
_adjustedError@resource://services-settings/RemoteSettingsClient.sys.mjs:911:14
maybeSync@resource://services-settings/RemoteSettingsClient.sys.mjs:816:38

console.warn: services.settings: main/sites-classification sync interrupted by shutdown
console.warn: services.settings: main/anti-tracking-url-decoration sync interrupted by shutdown
console.warn: services.settings: main/public-suffix-list sync interrupted by shutdown
console.warn: services.settings: main/search-default-override-allowlist sync interrupted by shutdown
console.error: (new AbortError("IndexedDB: main/regions getLastModified() IndexedDB:  execute() A request was aborted, for example through a call to IDBTransaction.abort.", "resource://services-settings/IDBHelpers.jsm", 18))
1703600050886	geckodriver	INFO	Listening on 127.0.0.1:54171
/usr/local/bin/geckodriver: error: Address in use (os error 98)
geckodriver 0.33.0 (a80e5fd61076 2023-04-02 18:31 +0000) 
WebDriver implementation for Firefox

USAGE:
    geckodriver [OPTIONS]

OPTIONS:
        --allow-hosts <ALLOW_HOSTS>...
            List of hostnames to allow. By default the value of --host is allowed, and in addition
            if that's a well known local address, other variations on well known local addresses are
            allowed. If --allow-hosts is provided only exactly those hosts are allowed.

        --allow-origins <ALLOW_ORIGINS>...
            List of request origins to allow. These must be formatted as scheme://host:port. By
            default any request with an origin header is rejected. If --allow-origins is provided
            then only exactly those origins are allowed.

        --android-storage <ANDROID_STORAGE>
            Selects storage location to be used for test data (deprecated). [possible values: auto,
            app, internal, sdcard]

    -b, --binary <BINARY>
            Path to the Firefox binary

        --connect-existing
            Connect to an existing Firefox instance

    -h, --help
            Prints this message

        --host <HOST>
            Host IP to use for WebDriver server [default: 127.0.0.1]

        --jsdebugger
            Attach browser toolbox debugger for Firefox

        --log <LEVEL>
            Set Gecko log level [possible values: fatal, error, warn, info, config, debug, trace]

        --log-no-truncate
            Disable truncation of long log lines

        --marionette-host <HOST>
            Host to use to connect to Gecko [default: 127.0.0.1]

        --marionette-port <PORT>
            Port to use to connect to Gecko [default: system-allocated port]

    -p, --port <PORT>
            Port to use for WebDriver server [default: 4444]

        --profile-root <PROFILE_ROOT>
            Directory in which to create profiles. Defaults to the system temporary directory.

    -v
            Log level verbosity (-v for debug and -vv for trace level)

    -V, --version
            Prints version and copying information

        --websocket-port <PORT>
            Port to use to connect to WebDriver BiDi [default: 9222]

1703600050891	mozrunner::runner	INFO	Running command: MOZ_CRASHREPORTER="1" MOZ_CRASHREPORTER_NO_REPORT="1" MOZ_CRASHREPORTER_SHUTDOWN="1" MOZ_NO_REMOTE="1" "/usr ... te" "--remote-debugging-port" "47133" "--remote-allow-hosts" "localhost" "-no-remote" "-profile" "/tmp/rust_mozprofileSro887"
console.warn: services.settings: Ignoring preference override of remote settings server
console.warn: services.settings: Allow by setting MOZ_REMOTE_SETTINGS_DEVTOOLS=1 in the environment
ATTENTION: default value of option mesa_glthread overridden by environment.
ATTENTION: default value of option mesa_glthread overridden by environment.
ATTENTION: default value of option mesa_glthread overridden by environment.
1703600051340	Marionette	INFO	Marionette enabled
1703600051429	Marionette	INFO	Listening on port 34447
WebDriver BiDi listening on ws://127.0.0.1:47133
Read port: 34447
1703600052000	RemoteAgent	WARN	TLS certificate errors will be ignored for this session
console.error: ({})
DevTools listening on ws://127.0.0.1:47133/devtools/browser/0ff73fc8-8374-488d-ba5f-5cf0034c2cd2
console.error: (new TypeError("linkMap is undefined", "resource://gre/modules/NewTabUtils.sys.mjs", 2003))
console.warn: LoginRecipes: "Falling back to a synchronous message for: https://ahmia.fi."
console.warn: LoginRecipes: "Falling back to a synchronous message for: https://ahmia.fi."
1703600081362	addons.xpi	ERROR	System addon update list error SyntaxError: The URI is malformed.
1703600084016	Marionette	INFO	Stopped listening on port 34447
console.error: services.settings: 
  main/normandy-recipes-capabilities Signature failed  TypeError: NetworkError: Network request failed
console.error: services.settings: 
  Message: NetworkError: Network error: TypeError: NetworkError: Network request failed
  Stack:
    APIError@resource://services-settings/RemoteSettingsClient.sys.mjs:111:1
NetworkError@resource://services-settings/RemoteSettingsClient.sys.mjs:115:5
_adjustedError@resource://services-settings/RemoteSettingsClient.sys.mjs:911:14
maybeSync@resource://services-settings/RemoteSettingsClient.sys.mjs:816:38

console.warn: services.settings: main/sites-classification sync interrupted by shutdown
console.warn: services.settings: main/anti-tracking-url-decoration sync interrupted by shutdown
console.warn: services.settings: main/public-suffix-list sync interrupted by shutdown
console.warn: services.settings: main/search-default-override-allowlist sync interrupted by shutdown
console.error: (new AbortError("IndexedDB: main/regions getLastModified() IndexedDB:  execute() A request was aborted, for example through a call to IDBTransaction.abort.", "resource://services-settings/IDBHelpers.jsm", 18))
Sandbox: Unexpected EOF, op 0 flags 00 path /proc/cpuinfo
1703600205028	geckodriver	INFO	Listening on 127.0.0.1:52469
/usr/local/bin/geckodriver: error: Address in use (os error 98)
geckodriver 0.33.0 (a80e5fd61076 2023-04-02 18:31 +0000) 
WebDriver implementation for Firefox

USAGE:
    geckodriver [OPTIONS]

OPTIONS:
        --allow-hosts <ALLOW_HOSTS>...
            List of hostnames to allow. By default the value of --host is allowed, and in addition
            if that's a well known local address, other variations on well known local addresses are
            allowed. If --allow-hosts is provided only exactly those hosts are allowed.

        --allow-origins <ALLOW_ORIGINS>...
            List of request origins to allow. These must be formatted as scheme://host:port. By
            default any request with an origin header is rejected. If --allow-origins is provided
            then only exactly those origins are allowed.

        --android-storage <ANDROID_STORAGE>
            Selects storage location to be used for test data (deprecated). [possible values: auto,
            app, internal, sdcard]

    -b, --binary <BINARY>
            Path to the Firefox binary

        --connect-existing
            Connect to an existing Firefox instance

    -h, --help
            Prints this message

        --host <HOST>
            Host IP to use for WebDriver server [default: 127.0.0.1]

        --jsdebugger
            Attach browser toolbox debugger for Firefox

        --log <LEVEL>
            Set Gecko log level [possible values: fatal, error, warn, info, config, debug, trace]

        --log-no-truncate
            Disable truncation of long log lines

        --marionette-host <HOST>
            Host to use to connect to Gecko [default: 127.0.0.1]

        --marionette-port <PORT>
            Port to use to connect to Gecko [default: system-allocated port]

    -p, --port <PORT>
            Port to use for WebDriver server [default: 4444]

        --profile-root <PROFILE_ROOT>
            Directory in which to create profiles. Defaults to the system temporary directory.

    -v
            Log level verbosity (-v for debug and -vv for trace level)

    -V, --version
            Prints version and copying information

        --websocket-port <PORT>
            Port to use to connect to WebDriver BiDi [default: 9222]

1703600205034	mozrunner::runner	INFO	Running command: MOZ_CRASHREPORTER="1" MOZ_CRASHREPORTER_NO_REPORT="1" MOZ_CRASHREPORTER_SHUTDOWN="1" MOZ_NO_REMOTE="1" "/usr ... te" "--remote-debugging-port" "37747" "--remote-allow-hosts" "localhost" "-no-remote" "-profile" "/tmp/rust_mozprofileCgFDje"
console.warn: services.settings: Ignoring preference override of remote settings server
console.warn: services.settings: Allow by setting MOZ_REMOTE_SETTINGS_DEVTOOLS=1 in the environment
ATTENTION: default value of option mesa_glthread overridden by environment.
ATTENTION: default value of option mesa_glthread overridden by environment.
ATTENTION: default value of option mesa_glthread overridden by environment.
1703600205481	Marionette	INFO	Marionette enabled
1703600205583	Marionette	INFO	Listening on port 40577
WebDriver BiDi listening on ws://127.0.0.1:37747
Read port: 40577
1703600206008	RemoteAgent	WARN	TLS certificate errors will be ignored for this session
console.error: ({})
DevTools listening on ws://127.0.0.1:37747/devtools/browser/14a4ae04-15ef-49e3-8a60-e8472b329240
console.error: (new TypeError("this._searchProviderInfo is null", "resource:///modules/SearchSERPTelemetry.sys.mjs", 633))
console.error: (new TypeError("linkMap is undefined", "resource://gre/modules/NewTabUtils.sys.mjs", 2003))
console.warn: LoginRecipes: "Falling back to a synchronous message for: https://ahmia.fi."
console.warn: LoginRecipes: "Falling back to a synchronous message for: https://ahmia.fi."
1703600235504	addons.xpi	ERROR	System addon update list error SyntaxError: The URI is malformed.
1703600238332	Marionette	INFO	Stopped listening on port 40577
console.warn: services.settings: main/hijack-blocklists sync interrupted by shutdown
console.warn: services.settings: main/pioneer-study-addons-v1 sync interrupted by shutdown
console.warn: services.settings: main/top-sites sync interrupted by shutdown
console.warn: services.settings: main/doh-providers sync interrupted by shutdown
console.warn: services.settings: main/doh-config sync interrupted by shutdown
console.error: (new AbortError("IndexedDB: main/devtools-devices getLastModified() IndexedDB:  execute() A request was aborted, for example through a call to IDBTransaction.abort.", "resource://services-settings/IDBHelpers.jsm", 18))
1703600445876	geckodriver	INFO	Listening on 127.0.0.1:57659
/usr/local/bin/geckodriver: error: Address in use (os error 98)
geckodriver 0.33.0 (a80e5fd61076 2023-04-02 18:31 +0000) 
WebDriver implementation for Firefox

USAGE:
    geckodriver [OPTIONS]

OPTIONS:
        --allow-hosts <ALLOW_HOSTS>...
            List of hostnames to allow. By default the value of --host is allowed, and in addition
            if that's a well known local address, other variations on well known local addresses are
            allowed. If --allow-hosts is provided only exactly those hosts are allowed.

        --allow-origins <ALLOW_ORIGINS>...
            List of request origins to allow. These must be formatted as scheme://host:port. By
            default any request with an origin header is rejected. If --allow-origins is provided
            then only exactly those origins are allowed.

        --android-storage <ANDROID_STORAGE>
            Selects storage location to be used for test data (deprecated). [possible values: auto,
            app, internal, sdcard]

    -b, --binary <BINARY>
            Path to the Firefox binary

        --connect-existing
            Connect to an existing Firefox instance

    -h, --help
            Prints this message

        --host <HOST>
            Host IP to use for WebDriver server [default: 127.0.0.1]

        --jsdebugger
            Attach browser toolbox debugger for Firefox

        --log <LEVEL>
            Set Gecko log level [possible values: fatal, error, warn, info, config, debug, trace]

        --log-no-truncate
            Disable truncation of long log lines

        --marionette-host <HOST>
            Host to use to connect to Gecko [default: 127.0.0.1]

        --marionette-port <PORT>
            Port to use to connect to Gecko [default: system-allocated port]

    -p, --port <PORT>
            Port to use for WebDriver server [default: 4444]

        --profile-root <PROFILE_ROOT>
            Directory in which to create profiles. Defaults to the system temporary directory.

    -v
            Log level verbosity (-v for debug and -vv for trace level)

    -V, --version
            Prints version and copying information

        --websocket-port <PORT>
            Port to use to connect to WebDriver BiDi [default: 9222]

1703600446355	mozrunner::runner	INFO	Running command: MOZ_CRASHREPORTER="1" MOZ_CRASHREPORTER_NO_REPORT="1" MOZ_CRASHREPORTER_SHUTDOWN="1" MOZ_NO_REMOTE="1" "/usr ... te" "--remote-debugging-port" "33457" "--remote-allow-hosts" "localhost" "-no-remote" "-profile" "/tmp/rust_mozprofilelXrZcR"
console.warn: services.settings: Ignoring preference override of remote settings server
console.warn: services.settings: Allow by setting MOZ_REMOTE_SETTINGS_DEVTOOLS=1 in the environment
ATTENTION: default value of option mesa_glthread overridden by environment.
ATTENTION: default value of option mesa_glthread overridden by environment.
ATTENTION: default value of option mesa_glthread overridden by environment.
1703600447117	Marionette	INFO	Marionette enabled
1703600447223	Marionette	INFO	Listening on port 33103
WebDriver BiDi listening on ws://127.0.0.1:33457
Read port: 33103
1703600447708	RemoteAgent	WARN	TLS certificate errors will be ignored for this session
console.error: ({})
DevTools listening on ws://127.0.0.1:33457/devtools/browser/56538fdd-4641-4009-9f46-0b1720e73024
console.error: (new TypeError("linkMap is undefined", "resource://gre/modules/NewTabUtils.sys.mjs", 2003))
console.warn: LoginRecipes: "Falling back to a synchronous message for: https://ahmia.fi."
console.warn: LoginRecipes: "Falling back to a synchronous message for: https://ahmia.fi."
1703600477167	addons.xpi	ERROR	System addon update list error SyntaxError: The URI is malformed.
1703600483094	Marionette	INFO	Stopped listening on port 33103
1703617399001	geckodriver	INFO	Listening on 127.0.0.1:52483
/usr/local/bin/geckodriver: error: Address in use (os error 98)
geckodriver 0.33.0 (a80e5fd61076 2023-04-02 18:31 +0000) 
WebDriver implementation for Firefox

USAGE:
    geckodriver [OPTIONS]

OPTIONS:
        --allow-hosts <ALLOW_HOSTS>...
            List of hostnames to allow. By default the value of --host is allowed, and in addition
            if that's a well known local address, other variations on well known local addresses are
            allowed. If --allow-hosts is provided only exactly those hosts are allowed.

        --allow-origins <ALLOW_ORIGINS>...
            List of request origins to allow. These must be formatted as scheme://host:port. By
            default any request with an origin header is rejected. If --allow-origins is provided
            then only exactly those origins are allowed.

        --android-storage <ANDROID_STORAGE>
            Selects storage location to be used for test data (deprecated). [possible values: auto,
            app, internal, sdcard]

    -b, --binary <BINARY>
            Path to the Firefox binary

        --connect-existing
            Connect to an existing Firefox instance

    -h, --help
            Prints this message

        --host <HOST>
            Host IP to use for WebDriver server [default: 127.0.0.1]

        --jsdebugger
            Attach browser toolbox debugger for Firefox

        --log <LEVEL>
            Set Gecko log level [possible values: fatal, error, warn, info, config, debug, trace]

        --log-no-truncate
            Disable truncation of long log lines

        --marionette-host <HOST>
            Host to use to connect to Gecko [default: 127.0.0.1]

        --marionette-port <PORT>
            Port to use to connect to Gecko [default: system-allocated port]

    -p, --port <PORT>
            Port to use for WebDriver server [default: 4444]

        --profile-root <PROFILE_ROOT>
            Directory in which to create profiles. Defaults to the system temporary directory.

    -v
            Log level verbosity (-v for debug and -vv for trace level)

    -V, --version
            Prints version and copying information

        --websocket-port <PORT>
            Port to use to connect to WebDriver BiDi [default: 9222]

1703617399490	mozrunner::runner	INFO	Running command: MOZ_CRASHREPORTER="1" MOZ_CRASHREPORTER_NO_REPORT="1" MOZ_CRASHREPORTER_SHUTDOWN="1" MOZ_NO_REMOTE="1" "/usr ... te" "--remote-debugging-port" "34879" "--remote-allow-hosts" "localhost" "-no-remote" "-profile" "/tmp/rust_mozprofileNhV65l"
console.warn: services.settings: Ignoring preference override of remote settings server
console.warn: services.settings: Allow by setting MOZ_REMOTE_SETTINGS_DEVTOOLS=1 in the environment
ATTENTION: default value of option mesa_glthread overridden by environment.
ATTENTION: default value of option mesa_glthread overridden by environment.
ATTENTION: default value of option mesa_glthread overridden by environment.
1703617403674	Marionette	INFO	Marionette enabled
1703617404045	Marionette	INFO	Listening on port 41311
WebDriver BiDi listening on ws://127.0.0.1:34879
Read port: 41311
1703617404904	RemoteAgent	WARN	TLS certificate errors will be ignored for this session
console.error: ({})
DevTools listening on ws://127.0.0.1:34879/devtools/browser/367d0e38-0293-46a3-9533-cde8c3ad54b0
console.error: (new TypeError("linkMap is undefined", "resource://gre/modules/NewTabUtils.sys.mjs", 2003))
console.warn: LoginRecipes: "Falling back to a synchronous message for: https://ahmia.fi."
1703617433719	addons.xpi	ERROR	System addon update list error SyntaxError: The URI is malformed.
console.warn: LoginRecipes: "Falling back to a synchronous message for: https://ahmia.fi."
1703617454007	Marionette	INFO	Stopped listening on port 41311
1703617652412	geckodriver	INFO	Listening on 127.0.0.1:33069
/usr/local/bin/geckodriver: error: Address in use (os error 98)
geckodriver 0.33.0 (a80e5fd61076 2023-04-02 18:31 +0000) 
WebDriver implementation for Firefox

USAGE:
    geckodriver [OPTIONS]

OPTIONS:
        --allow-hosts <ALLOW_HOSTS>...
            List of hostnames to allow. By default the value of --host is allowed, and in addition
            if that's a well known local address, other variations on well known local addresses are
            allowed. If --allow-hosts is provided only exactly those hosts are allowed.

        --allow-origins <ALLOW_ORIGINS>...
            List of request origins to allow. These must be formatted as scheme://host:port. By
            default any request with an origin header is rejected. If --allow-origins is provided
            then only exactly those origins are allowed.

        --android-storage <ANDROID_STORAGE>
            Selects storage location to be used for test data (deprecated). [possible values: auto,
            app, internal, sdcard]

    -b, --binary <BINARY>
            Path to the Firefox binary

        --connect-existing
            Connect to an existing Firefox instance

    -h, --help
            Prints this message

        --host <HOST>
            Host IP to use for WebDriver server [default: 127.0.0.1]

        --jsdebugger
            Attach browser toolbox debugger for Firefox

        --log <LEVEL>
            Set Gecko log level [possible values: fatal, error, warn, info, config, debug, trace]

        --log-no-truncate
            Disable truncation of long log lines

        --marionette-host <HOST>
            Host to use to connect to Gecko [default: 127.0.0.1]

        --marionette-port <PORT>
            Port to use to connect to Gecko [default: system-allocated port]

    -p, --port <PORT>
            Port to use for WebDriver server [default: 4444]

        --profile-root <PROFILE_ROOT>
            Directory in which to create profiles. Defaults to the system temporary directory.

    -v
            Log level verbosity (-v for debug and -vv for trace level)

    -V, --version
            Prints version and copying information

        --websocket-port <PORT>
            Port to use to connect to WebDriver BiDi [default: 9222]

1703617652923	mozrunner::runner	INFO	Running command: MOZ_CRASHREPORTER="1" MOZ_CRASHREPORTER_NO_REPORT="1" MOZ_CRASHREPORTER_SHUTDOWN="1" MOZ_NO_REMOTE="1" "/usr ... te" "--remote-debugging-port" "52401" "--remote-allow-hosts" "localhost" "-no-remote" "-profile" "/tmp/rust_mozprofileEHOZ9a"
console.warn: services.settings: Ignoring preference override of remote settings server
console.warn: services.settings: Allow by setting MOZ_REMOTE_SETTINGS_DEVTOOLS=1 in the environment
ATTENTION: default value of option mesa_glthread overridden by environment.
ATTENTION: default value of option mesa_glthread overridden by environment.
ATTENTION: default value of option mesa_glthread overridden by environment.
1703617655121	Marionette	INFO	Marionette enabled
1703617655302	Marionette	INFO	Listening on port 37405
WebDriver BiDi listening on ws://127.0.0.1:52401
Read port: 37405
1703617655722	RemoteAgent	WARN	TLS certificate errors will be ignored for this session
console.error: ({})
DevTools listening on ws://127.0.0.1:52401/devtools/browser/63be5bb7-b92b-49b9-808f-aa859d2c4125
console.error: (new TypeError("this._searchProviderInfo is null", "resource:///modules/SearchSERPTelemetry.sys.mjs", 633))
console.error: (new TypeError("linkMap is undefined", "resource://gre/modules/NewTabUtils.sys.mjs", 2003))
console.warn: LoginRecipes: "Falling back to a synchronous message for: https://ahmia.fi."
console.warn: LoginRecipes: "Falling back to a synchronous message for: https://ahmia.fi."
1703617682251	Marionette	INFO	Stopped listening on port 37405
1703618091876	geckodriver	INFO	Listening on 127.0.0.1:39733
/usr/local/bin/geckodriver: error: Address in use (os error 98)
geckodriver 0.33.0 (a80e5fd61076 2023-04-02 18:31 +0000) 
WebDriver implementation for Firefox

USAGE:
    geckodriver [OPTIONS]

OPTIONS:
        --allow-hosts <ALLOW_HOSTS>...
            List of hostnames to allow. By default the value of --host is allowed, and in addition
            if that's a well known local address, other variations on well known local addresses are
            allowed. If --allow-hosts is provided only exactly those hosts are allowed.

        --allow-origins <ALLOW_ORIGINS>...
            List of request origins to allow. These must be formatted as scheme://host:port. By
            default any request with an origin header is rejected. If --allow-origins is provided
            then only exactly those origins are allowed.

        --android-storage <ANDROID_STORAGE>
            Selects storage location to be used for test data (deprecated). [possible values: auto,
            app, internal, sdcard]

    -b, --binary <BINARY>
            Path to the Firefox binary

        --connect-existing
            Connect to an existing Firefox instance

    -h, --help
            Prints this message

        --host <HOST>
            Host IP to use for WebDriver server [default: 127.0.0.1]

        --jsdebugger
            Attach browser toolbox debugger for Firefox

        --log <LEVEL>
            Set Gecko log level [possible values: fatal, error, warn, info, config, debug, trace]

        --log-no-truncate
            Disable truncation of long log lines

        --marionette-host <HOST>
            Host to use to connect to Gecko [default: 127.0.0.1]

        --marionette-port <PORT>
            Port to use to connect to Gecko [default: system-allocated port]

    -p, --port <PORT>
            Port to use for WebDriver server [default: 4444]

        --profile-root <PROFILE_ROOT>
            Directory in which to create profiles. Defaults to the system temporary directory.

    -v
            Log level verbosity (-v for debug and -vv for trace level)

    -V, --version
            Prints version and copying information

        --websocket-port <PORT>
            Port to use to connect to WebDriver BiDi [default: 9222]

1703618092385	mozrunner::runner	INFO	Running command: MOZ_CRASHREPORTER="1" MOZ_CRASHREPORTER_NO_REPORT="1" MOZ_CRASHREPORTER_SHUTDOWN="1" MOZ_NO_REMOTE="1" "/usr ... te" "--remote-debugging-port" "40785" "--remote-allow-hosts" "localhost" "-no-remote" "-profile" "/tmp/rust_mozprofile49tCGO"
console.warn: services.settings: Ignoring preference override of remote settings server
console.warn: services.settings: Allow by setting MOZ_REMOTE_SETTINGS_DEVTOOLS=1 in the environment
ATTENTION: default value of option mesa_glthread overridden by environment.
ATTENTION: default value of option mesa_glthread overridden by environment.
ATTENTION: default value of option mesa_glthread overridden by environment.
1703618092850	Marionette	INFO	Marionette enabled
1703618092944	Marionette	INFO	Listening on port 33939
WebDriver BiDi listening on ws://127.0.0.1:40785
Read port: 33939
1703618093335	RemoteAgent	WARN	TLS certificate errors will be ignored for this session
console.error: ({})
DevTools listening on ws://127.0.0.1:40785/devtools/browser/f25b88e3-9ccb-494d-9fa0-e72cfbe4ac0e
console.error: (new TypeError("this._searchProviderInfo is null", "resource:///modules/SearchSERPTelemetry.sys.mjs", 633))
console.error: (new TypeError("linkMap is undefined", "resource://gre/modules/NewTabUtils.sys.mjs", 2003))
console.warn: LoginRecipes: "Falling back to a synchronous message for: https://ahmia.fi."
console.warn: LoginRecipes: "Falling back to a synchronous message for: https://ahmia.fi."
1703618120618	Marionette	INFO	Stopped listening on port 33939
1703619216808	geckodriver	INFO	Listening on 127.0.0.1:45795
/usr/local/bin/geckodriver: error: Address in use (os error 98)
geckodriver 0.33.0 (a80e5fd61076 2023-04-02 18:31 +0000) 
WebDriver implementation for Firefox

USAGE:
    geckodriver [OPTIONS]

OPTIONS:
        --allow-hosts <ALLOW_HOSTS>...
            List of hostnames to allow. By default the value of --host is allowed, and in addition
            if that's a well known local address, other variations on well known local addresses are
            allowed. If --allow-hosts is provided only exactly those hosts are allowed.

        --allow-origins <ALLOW_ORIGINS>...
            List of request origins to allow. These must be formatted as scheme://host:port. By
            default any request with an origin header is rejected. If --allow-origins is provided
            then only exactly those origins are allowed.

        --android-storage <ANDROID_STORAGE>
            Selects storage location to be used for test data (deprecated). [possible values: auto,
            app, internal, sdcard]

    -b, --binary <BINARY>
            Path to the Firefox binary

        --connect-existing
            Connect to an existing Firefox instance

    -h, --help
            Prints this message

        --host <HOST>
            Host IP to use for WebDriver server [default: 127.0.0.1]

        --jsdebugger
            Attach browser toolbox debugger for Firefox

        --log <LEVEL>
            Set Gecko log level [possible values: fatal, error, warn, info, config, debug, trace]

        --log-no-truncate
            Disable truncation of long log lines

        --marionette-host <HOST>
            Host to use to connect to Gecko [default: 127.0.0.1]

        --marionette-port <PORT>
            Port to use to connect to Gecko [default: system-allocated port]

    -p, --port <PORT>
            Port to use for WebDriver server [default: 4444]

        --profile-root <PROFILE_ROOT>
            Directory in which to create profiles. Defaults to the system temporary directory.

    -v
            Log level verbosity (-v for debug and -vv for trace level)

    -V, --version
            Prints version and copying information

        --websocket-port <PORT>
            Port to use to connect to WebDriver BiDi [default: 9222]

1703619217273	mozrunner::runner	INFO	Running command: MOZ_CRASHREPORTER="1" MOZ_CRASHREPORTER_NO_REPORT="1" MOZ_CRASHREPORTER_SHUTDOWN="1" MOZ_NO_REMOTE="1" "/usr ... te" "--remote-debugging-port" "38495" "--remote-allow-hosts" "localhost" "-no-remote" "-profile" "/tmp/rust_mozprofilegixdlH"
console.warn: services.settings: Ignoring preference override of remote settings server
console.warn: services.settings: Allow by setting MOZ_REMOTE_SETTINGS_DEVTOOLS=1 in the environment
ATTENTION: default value of option mesa_glthread overridden by environment.
ATTENTION: default value of option mesa_glthread overridden by environment.
ATTENTION: default value of option mesa_glthread overridden by environment.
1703619223038	Marionette	INFO	Marionette enabled
1703619223305	Marionette	INFO	Listening on port 42789
WebDriver BiDi listening on ws://127.0.0.1:38495
Read port: 42789
1703619224007	RemoteAgent	WARN	TLS certificate errors will be ignored for this session
console.error: ({})
DevTools listening on ws://127.0.0.1:38495/devtools/browser/a587eeb9-4b17-44c3-9f89-3b078ac55692
console.error: (new TypeError("linkMap is undefined", "resource://gre/modules/NewTabUtils.sys.mjs", 2003))
console.warn: LoginRecipes: "Falling back to a synchronous message for: https://ahmia.fi."
console.warn: LoginRecipes: "Falling back to a synchronous message for: https://ahmia.fi."
1703619253051	addons.xpi	ERROR	System addon update list error SyntaxError: The URI is malformed.
1703619255133	Marionette	INFO	Stopped listening on port 42789
console.error: (new Error("IndexedDB: main/addons-manager-settings list() IndexedDB:  execute() The application is shutting down", "resource://services-settings/IDBHelpers.jsm", 18))
console.error: (new Error("IndexedDB: main/search-categorization getLastModified() IndexedDB:  execute() The application is shutting down", "resource://services-settings/IDBHelpers.jsm", 18))
1703654548901	geckodriver	INFO	Listening on 127.0.0.1:43247
/usr/local/bin/geckodriver: error: Address in use (os error 98)
geckodriver 0.33.0 (a80e5fd61076 2023-04-02 18:31 +0000) 
WebDriver implementation for Firefox

USAGE:
    geckodriver [OPTIONS]

OPTIONS:
        --allow-hosts <ALLOW_HOSTS>...
            List of hostnames to allow. By default the value of --host is allowed, and in addition
            if that's a well known local address, other variations on well known local addresses are
            allowed. If --allow-hosts is provided only exactly those hosts are allowed.

        --allow-origins <ALLOW_ORIGINS>...
            List of request origins to allow. These must be formatted as scheme://host:port. By
            default any request with an origin header is rejected. If --allow-origins is provided
            then only exactly those origins are allowed.

        --android-storage <ANDROID_STORAGE>
            Selects storage location to be used for test data (deprecated). [possible values: auto,
            app, internal, sdcard]

    -b, --binary <BINARY>
            Path to the Firefox binary

        --connect-existing
            Connect to an existing Firefox instance

    -h, --help
            Prints this message

        --host <HOST>
            Host IP to use for WebDriver server [default: 127.0.0.1]

        --jsdebugger
            Attach browser toolbox debugger for Firefox

        --log <LEVEL>
            Set Gecko log level [possible values: fatal, error, warn, info, config, debug, trace]

        --log-no-truncate
            Disable truncation of long log lines

        --marionette-host <HOST>
            Host to use to connect to Gecko [default: 127.0.0.1]

        --marionette-port <PORT>
            Port to use to connect to Gecko [default: system-allocated port]

    -p, --port <PORT>
            Port to use for WebDriver server [default: 4444]

        --profile-root <PROFILE_ROOT>
            Directory in which to create profiles. Defaults to the system temporary directory.

    -v
            Log level verbosity (-v for debug and -vv for trace level)

    -V, --version
            Prints version and copying information

        --websocket-port <PORT>
            Port to use to connect to WebDriver BiDi [default: 9222]

1703654548940	mozrunner::runner	INFO	Running command: MOZ_CRASHREPORTER="1" MOZ_CRASHREPORTER_NO_REPORT="1" MOZ_CRASHREPORTER_SHUTDOWN="1" MOZ_NO_REMOTE="1" "/usr ... te" "--remote-debugging-port" "37617" "--remote-allow-hosts" "localhost" "-no-remote" "-profile" "/tmp/rust_mozprofileZavbS8"
console.warn: services.settings: Ignoring preference override of remote settings server
console.warn: services.settings: Allow by setting MOZ_REMOTE_SETTINGS_DEVTOOLS=1 in the environment
ATTENTION: default value of option mesa_glthread overridden by environment.
ATTENTION: default value of option mesa_glthread overridden by environment.
ATTENTION: default value of option mesa_glthread overridden by environment.
1703654552256	Marionette	INFO	Marionette enabled
1703654552855	Marionette	INFO	Listening on port 36547
WebDriver BiDi listening on ws://127.0.0.1:37617
Read port: 36547
1703654553633	RemoteAgent	WARN	TLS certificate errors will be ignored for this session
console.error: ({})
DevTools listening on ws://127.0.0.1:37617/devtools/browser/1d67b67d-24a6-44bd-8b35-a729b834a8c3
console.error: (new TypeError("linkMap is undefined", "resource://gre/modules/NewTabUtils.sys.mjs", 2003))
console.warn: LoginRecipes: "Falling back to a synchronous message for: https://ahmia.fi."
console.warn: LoginRecipes: "Falling back to a synchronous message for: https://ahmia.fi."
1703654582275	addons.xpi	ERROR	System addon update list error SyntaxError: The URI is malformed.
console.warn: LoginRecipes: "Falling back to a synchronous message for: https://ahmia.fi."
console.warn: LoginRecipes: "Falling back to a synchronous message for: https://ahmia.fi."
1703654611526	Marionette	INFO	Stopped listening on port 36547
1703654664426	geckodriver	INFO	Listening on 127.0.0.1:43083
/usr/local/bin/geckodriver: error: Address in use (os error 98)
geckodriver 0.33.0 (a80e5fd61076 2023-04-02 18:31 +0000) 
WebDriver implementation for Firefox

USAGE:
    geckodriver [OPTIONS]

OPTIONS:
        --allow-hosts <ALLOW_HOSTS>...
            List of hostnames to allow. By default the value of --host is allowed, and in addition
            if that's a well known local address, other variations on well known local addresses are
            allowed. If --allow-hosts is provided only exactly those hosts are allowed.

        --allow-origins <ALLOW_ORIGINS>...
            List of request origins to allow. These must be formatted as scheme://host:port. By
            default any request with an origin header is rejected. If --allow-origins is provided
            then only exactly those origins are allowed.

        --android-storage <ANDROID_STORAGE>
            Selects storage location to be used for test data (deprecated). [possible values: auto,
            app, internal, sdcard]

    -b, --binary <BINARY>
            Path to the Firefox binary

        --connect-existing
            Connect to an existing Firefox instance

    -h, --help
            Prints this message

        --host <HOST>
            Host IP to use for WebDriver server [default: 127.0.0.1]

        --jsdebugger
            Attach browser toolbox debugger for Firefox

        --log <LEVEL>
            Set Gecko log level [possible values: fatal, error, warn, info, config, debug, trace]

        --log-no-truncate
            Disable truncation of long log lines

        --marionette-host <HOST>
            Host to use to connect to Gecko [default: 127.0.0.1]

        --marionette-port <PORT>
            Port to use to connect to Gecko [default: system-allocated port]

    -p, --port <PORT>
            Port to use for WebDriver server [default: 4444]

        --profile-root <PROFILE_ROOT>
            Directory in which to create profiles. Defaults to the system temporary directory.

    -v
            Log level verbosity (-v for debug and -vv for trace level)

    -V, --version
            Prints version and copying information

        --websocket-port <PORT>
            Port to use to connect to WebDriver BiDi [default: 9222]

1703654664483	mozrunner::runner	INFO	Running command: MOZ_CRASHREPORTER="1" MOZ_CRASHREPORTER_NO_REPORT="1" MOZ_CRASHREPORTER_SHUTDOWN="1" MOZ_NO_REMOTE="1" "/usr ... te" "--remote-debugging-port" "38425" "--remote-allow-hosts" "localhost" "-no-remote" "-profile" "/tmp/rust_mozprofilefsLFI9"
console.warn: services.settings: Ignoring preference override of remote settings server
console.warn: services.settings: Allow by setting MOZ_REMOTE_SETTINGS_DEVTOOLS=1 in the environment
ATTENTION: default value of option mesa_glthread overridden by environment.
ATTENTION: default value of option mesa_glthread overridden by environment.
ATTENTION: default value of option mesa_glthread overridden by environment.
1703654666791	Marionette	INFO	Marionette enabled
1703654666956	Marionette	INFO	Listening on port 46785
WebDriver BiDi listening on ws://127.0.0.1:38425
Read port: 46785
1703654667531	RemoteAgent	WARN	TLS certificate errors will be ignored for this session
console.error: ({})
DevTools listening on ws://127.0.0.1:38425/devtools/browser/f4f6ff0a-749f-4586-932d-81211fa75a07
console.error: (new TypeError("linkMap is undefined", "resource://gre/modules/NewTabUtils.sys.mjs", 2003))
console.warn: LoginRecipes: "Falling back to a synchronous message for: https://ahmia.fi."
console.warn: LoginRecipes: "Falling back to a synchronous message for: https://ahmia.fi."
console.warn: LoginRecipes: "Falling back to a synchronous message for: https://ahmia.fi."
1703654696905	addons.xpi	ERROR	System addon update list error SyntaxError: The URI is malformed.
console.warn: LoginRecipes: "Falling back to a synchronous message for: https://ahmia.fi."
1703654716530	Marionette	INFO	Stopped listening on port 46785
1703654778910	geckodriver	INFO	Listening on 127.0.0.1:36545
/usr/local/bin/geckodriver: error: Address in use (os error 98)
geckodriver 0.33.0 (a80e5fd61076 2023-04-02 18:31 +0000) 
WebDriver implementation for Firefox

USAGE:
    geckodriver [OPTIONS]

OPTIONS:
        --allow-hosts <ALLOW_HOSTS>...
            List of hostnames to allow. By default the value of --host is allowed, and in addition
            if that's a well known local address, other variations on well known local addresses are
            allowed. If --allow-hosts is provided only exactly those hosts are allowed.

        --allow-origins <ALLOW_ORIGINS>...
            List of request origins to allow. These must be formatted as scheme://host:port. By
            default any request with an origin header is rejected. If --allow-origins is provided
            then only exactly those origins are allowed.

        --android-storage <ANDROID_STORAGE>
            Selects storage location to be used for test data (deprecated). [possible values: auto,
            app, internal, sdcard]

    -b, --binary <BINARY>
            Path to the Firefox binary

        --connect-existing
            Connect to an existing Firefox instance

    -h, --help
            Prints this message

        --host <HOST>
            Host IP to use for WebDriver server [default: 127.0.0.1]

        --jsdebugger
            Attach browser toolbox debugger for Firefox

        --log <LEVEL>
            Set Gecko log level [possible values: fatal, error, warn, info, config, debug, trace]

        --log-no-truncate
            Disable truncation of long log lines

        --marionette-host <HOST>
            Host to use to connect to Gecko [default: 127.0.0.1]

        --marionette-port <PORT>
            Port to use to connect to Gecko [default: system-allocated port]

    -p, --port <PORT>
            Port to use for WebDriver server [default: 4444]

        --profile-root <PROFILE_ROOT>
            Directory in which to create profiles. Defaults to the system temporary directory.

    -v
            Log level verbosity (-v for debug and -vv for trace level)

    -V, --version
            Prints version and copying information

        --websocket-port <PORT>
            Port to use to connect to WebDriver BiDi [default: 9222]

1703654778918	mozrunner::runner	INFO	Running command: MOZ_CRASHREPORTER="1" MOZ_CRASHREPORTER_NO_REPORT="1" MOZ_CRASHREPORTER_SHUTDOWN="1" MOZ_NO_REMOTE="1" "/usr ... te" "--remote-debugging-port" "33627" "--remote-allow-hosts" "localhost" "-no-remote" "-profile" "/tmp/rust_mozprofileNbRPyl"
console.warn: services.settings: Ignoring preference override of remote settings server
console.warn: services.settings: Allow by setting MOZ_REMOTE_SETTINGS_DEVTOOLS=1 in the environment
ATTENTION: default value of option mesa_glthread overridden by environment.
ATTENTION: default value of option mesa_glthread overridden by environment.
ATTENTION: default value of option mesa_glthread overridden by environment.
1703654779760	Marionette	INFO	Marionette enabled
1703654779889	Marionette	INFO	Listening on port 40305
WebDriver BiDi listening on ws://127.0.0.1:33627
Read port: 40305
1703654780373	RemoteAgent	WARN	TLS certificate errors will be ignored for this session
console.error: ({})
DevTools listening on ws://127.0.0.1:33627/devtools/browser/46cc6588-6423-4038-a604-ee2a05e9ed28
console.error: (new TypeError("linkMap is undefined", "resource://gre/modules/NewTabUtils.sys.mjs", 2003))
console.warn: LoginRecipes: "Falling back to a synchronous message for: https://ahmia.fi."
console.warn: LoginRecipes: "Falling back to a synchronous message for: https://ahmia.fi."
console.warn: LoginRecipes: "Falling back to a synchronous message for: https://ahmia.fi."
1703654809781	addons.xpi	ERROR	System addon update list error SyntaxError: The URI is malformed.
1703654818190	Marionette	INFO	Stopped listening on port 40305
